<?xml version="1.0" encoding="UTF-8"?>
<!-- Generated by org.testng.reporters.JUnitXMLReporter -->
<testsuite ignored="0" hostname="DESKTOP-GFGMQ1C" failures="0" tests="2" name="Default test" time="0.162" errors="0" timestamp="2021-11-11T22:54:05 IST">
  <testcase classname="testPacage.LoginPageVerification" name="@BeforeTest launchBrowser" time="-1.636651445647E9">
    <failure type="org.testng.TestNGException" message="
Parameter &amp;apos;browser&amp;apos; is required by BeforeTest on method launchBrowser but has not been marked @Optional or defined
in C:\Users\Shree\AppData\Local\Temp\testng-eclipse-461532206\testng-customsuite.xml">
      <![CDATA[org.testng.TestNGException: 
Parameter 'browser' is required by BeforeTest on method launchBrowser but has not been marked @Optional or defined
in C:\Users\Shree\AppData\Local\Temp\testng-eclipse-461532206\testng-customsuite.xml
at org.testng.internal.Parameters.createParams(Parameters.java:270)
at org.testng.internal.Parameters.createParametersForMethod(Parameters.java:358)
at org.testng.internal.Parameters.createParameters(Parameters.java:700)
at org.testng.internal.Parameters.createConfigurationParameters(Parameters.java:168)
at org.testng.internal.ConfigInvoker.invokeConfigurations(ConfigInvoker.java:302)
at org.testng.TestRunner.invokeTestConfigurations(TestRunner.java:637)
at org.testng.TestRunner.beforeRun(TestRunner.java:627)
at org.testng.TestRunner.run(TestRunner.java:589)
at org.testng.SuiteRunner.runTest(SuiteRunner.java:377)
at org.testng.SuiteRunner.runSequentially(SuiteRunner.java:371)
at org.testng.SuiteRunner.privateRun(SuiteRunner.java:332)
at org.testng.SuiteRunner.run(SuiteRunner.java:276)
at org.testng.SuiteRunnerWorker.runSuite(SuiteRunnerWorker.java:53)
at org.testng.SuiteRunnerWorker.run(SuiteRunnerWorker.java:96)
at org.testng.TestNG.runSuitesSequentially(TestNG.java:1212)
at org.testng.TestNG.runSuitesLocally(TestNG.java:1134)
at org.testng.TestNG.runSuites(TestNG.java:1063)
at org.testng.TestNG.run(TestNG.java:1031)
at org.testng.remote.AbstractRemoteTestNG.run(AbstractRemoteTestNG.java:115)
at org.testng.remote.RemoteTestNG.initAndRun(RemoteTestNG.java:251)
at org.testng.remote.RemoteTestNG.main(RemoteTestNG.java:77)
]]>
    </failure>
  </testcase> <!-- @BeforeTest launchBrowser -->
  <testcase classname="testPacage.LoginPageVerification" name="@BeforeClass createPOM" time="-1.636651445714E9">
    <skipped/>
  </testcase> <!-- @BeforeClass createPOM -->
  <testcase classname="testPacage.LoginPageVerification" name="@BeforeMethod loginToApplication" time="-1.636651445744E9">
    <skipped/>
  </testcase> <!-- @BeforeMethod loginToApplication -->
  <testcase classname="testPacage.LoginPageVerification" name="@AfterMethod logOut" time="-1.63665144576E9">
    <skipped/>
  </testcase> <!-- @AfterMethod logOut -->
  <testcase classname="testPacage.LoginPageVerification" name="@BeforeMethod loginToApplication" time="-1.636651445764E9">
    <skipped/>
  </testcase> <!-- @BeforeMethod loginToApplication -->
  <testcase classname="testPacage.LoginPageVerification" name="@AfterMethod logOut" time="-1.636651445775E9">
    <skipped/>
  </testcase> <!-- @AfterMethod logOut -->
  <testcase classname="testPacage.LoginPageVerification" name="@AfterClass clearPomObjects" time="-1.636651445781E9">
    <skipped/>
  </testcase> <!-- @AfterClass clearPomObjects -->
  <testcase classname="testPacage.LoginPageVerification" name="@AfterTest closedBrowser" time="-1.63665144579E9">
    <skipped/>
  </testcase> <!-- @AfterTest closedBrowser -->
  <testcase classname="testPacage.LoginPageVerification" name="toVerifyFriendsLink" time="0.0">
    <skipped/>
  </testcase> <!-- toVerifyFriendsLink -->
  <testcase classname="testPacage.LoginPageVerification" name="toVerifyNotificationLink" time="0.0">
    <skipped/>
  </testcase> <!-- toVerifyNotificationLink -->
</testsuite> <!-- Default test -->
