<?xml version="1.0" encoding="UTF-8"?>
<!-- Generated by org.testng.reporters.JUnitXMLReporter -->
<testsuite ignored="0" hostname="DESKTOP-GFGMQ1C" failures="0" tests="2" name="Test firefox" time="9.106" errors="0" timestamp="2021-11-16T16:46:28 IST">
  <testcase classname="testPacage.LoginPageVerification" name="@BeforeTest launchBrowser" time="9.023">
    <failure type="org.openqa.selenium.SessionNotCreatedException" message="session not created: This version of ChromeDriver only supports Chrome version 94
Current browser version is 96.0.4664.45 with binary path C:\Program Files\Google\Chrome\Application\chrome.exe
Build info: version: &amp;apos;3.141.59&amp;apos;, revision: &amp;apos;e82be7d358&amp;apos;, time: &amp;apos;2018-11-14T08:17:03&amp;apos;
System info: host: &amp;apos;DESKTOP-GFGMQ1C&amp;apos;, ip: &amp;apos;192.168.139.120&amp;apos;, os.name: &amp;apos;Windows 10&amp;apos;, os.arch: &amp;apos;amd64&amp;apos;, os.version: &amp;apos;10.0&amp;apos;, java.version: &amp;apos;16.0.2&amp;apos;
Driver info: driver.version: ChromeDriver
remote stacktrace: Backtrace:
	Ordinal0 [0x004BBDE3+2473443]
	Ordinal0 [0x00456661+2057825]
	Ordinal0 [0x00362438+1057848]
	Ordinal0 [0x0038054A+1181002]
	Ordinal0 [0x0037C435+1164341]
	Ordinal0 [0x00379CAF+1154223]
	Ordinal0 [0x003A9ADF+1350367]
	Ordinal0 [0x003A974A+1349450]
	Ordinal0 [0x003A55AB+1332651]
	Ordinal0 [0x00382104+1188100]
	Ordinal0 [0x00382F59+1191769]
	GetHandleVerifier [0x00642266+1549718]
	GetHandleVerifier [0x006ED4A7+2250711]
	GetHandleVerifier [0x0054718B+521403]
	GetHandleVerifier [0x00546229+517465]
	Ordinal0 [0x0045B79D+2078621]
	Ordinal0 [0x0045FB58+2095960]
	Ordinal0 [0x0045FC92+2096274]
	Ordinal0 [0x00469541+2135361]
	BaseThreadInitThunk [0x75EAFA29+25]
	RtlGetAppContainerNamedObjectPath [0x77BA7A9E+286]
	RtlGetAppContainerNamedObjectPath [0x77BA7A6E+238]
">
      <![CDATA[org.openqa.selenium.SessionNotCreatedException: session not created: This version of ChromeDriver only supports Chrome version 94
Current browser version is 96.0.4664.45 with binary path C:\Program Files\Google\Chrome\Application\chrome.exe
Build info: version: '3.141.59', revision: 'e82be7d358', time: '2018-11-14T08:17:03'
System info: host: 'DESKTOP-GFGMQ1C', ip: '192.168.139.120', os.name: 'Windows 10', os.arch: 'amd64', os.version: '10.0', java.version: '16.0.2'
Driver info: driver.version: ChromeDriver
remote stacktrace: Backtrace:
Ordinal0 [0x004BBDE3+2473443]
Ordinal0 [0x00456661+2057825]
Ordinal0 [0x00362438+1057848]
Ordinal0 [0x0038054A+1181002]
Ordinal0 [0x0037C435+1164341]
Ordinal0 [0x00379CAF+1154223]
Ordinal0 [0x003A9ADF+1350367]
Ordinal0 [0x003A974A+1349450]
Ordinal0 [0x003A55AB+1332651]
Ordinal0 [0x00382104+1188100]
Ordinal0 [0x00382F59+1191769]
GetHandleVerifier [0x00642266+1549718]
GetHandleVerifier [0x006ED4A7+2250711]
GetHandleVerifier [0x0054718B+521403]
GetHandleVerifier [0x00546229+517465]
Ordinal0 [0x0045B79D+2078621]
Ordinal0 [0x0045FB58+2095960]
Ordinal0 [0x0045FC92+2096274]
Ordinal0 [0x00469541+2135361]
BaseThreadInitThunk [0x75EAFA29+25]
RtlGetAppContainerNamedObjectPath [0x77BA7A9E+286]
RtlGetAppContainerNamedObjectPath [0x77BA7A6E+238]

at org.openqa.selenium.remote.W3CHandshakeResponse.lambda$errorHandler$0(W3CHandshakeResponse.java:62)
at org.openqa.selenium.remote.HandshakeResponse.lambda$getResponseFunction$0(HandshakeResponse.java:30)
at org.openqa.selenium.remote.ProtocolHandshake.lambda$createSession$0(ProtocolHandshake.java:126)
at java.base/java.util.stream.ReferencePipeline$3$1.accept(ReferencePipeline.java:197)
at java.base/java.util.Spliterators$ArraySpliterator.tryAdvance(Spliterators.java:958)
at java.base/java.util.stream.ReferencePipeline.forEachWithCancel(ReferencePipeline.java:129)
at java.base/java.util.stream.AbstractPipeline.copyIntoWithCancel(AbstractPipeline.java:502)
at java.base/java.util.stream.AbstractPipeline.copyInto(AbstractPipeline.java:488)
at java.base/java.util.stream.AbstractPipeline.wrapAndCopyInto(AbstractPipeline.java:474)
at java.base/java.util.stream.FindOps$FindOp.evaluateSequential(FindOps.java:150)
at java.base/java.util.stream.AbstractPipeline.evaluate(AbstractPipeline.java:234)
at java.base/java.util.stream.ReferencePipeline.findFirst(ReferencePipeline.java:647)
at org.openqa.selenium.remote.ProtocolHandshake.createSession(ProtocolHandshake.java:128)
at org.openqa.selenium.remote.ProtocolHandshake.createSession(ProtocolHandshake.java:74)
at org.openqa.selenium.remote.HttpCommandExecutor.execute(HttpCommandExecutor.java:136)
at org.openqa.selenium.remote.service.DriverCommandExecutor.execute(DriverCommandExecutor.java:83)
at org.openqa.selenium.remote.RemoteWebDriver.execute(RemoteWebDriver.java:552)
at org.openqa.selenium.remote.RemoteWebDriver.startSession(RemoteWebDriver.java:213)
at org.openqa.selenium.remote.RemoteWebDriver.<init>(RemoteWebDriver.java:131)
at org.openqa.selenium.chrome.ChromeDriver.<init>(ChromeDriver.java:181)
at org.openqa.selenium.chrome.ChromeDriver.<init>(ChromeDriver.java:168)
at org.openqa.selenium.chrome.ChromeDriver.<init>(ChromeDriver.java:157)
at basePackage.BaseClass.OpenChromeBrowser(BaseClass.java:19)
at testPacage.LoginPageVerification.launchBrowser(LoginPageVerification.java:41)
... Removed 29 stack frames]]>
    </failure>
  </testcase> <!-- @BeforeTest launchBrowser -->
  <testcase classname="testPacage.LoginPageVerification" name="@BeforeClass createPOM" time="-1.637061388488E9">
    <skipped/>
  </testcase> <!-- @BeforeClass createPOM -->
  <testcase classname="testPacage.LoginPageVerification" name="@BeforeMethod loginToApplication" time="-1.637061388493E9">
    <skipped/>
  </testcase> <!-- @BeforeMethod loginToApplication -->
  <testcase classname="testPacage.LoginPageVerification" name="@AfterMethod logOut" time="-1.637061388505E9">
    <skipped/>
  </testcase> <!-- @AfterMethod logOut -->
  <testcase classname="testPacage.LoginPageVerification" name="@BeforeMethod loginToApplication" time="-1.637061388512E9">
    <skipped/>
  </testcase> <!-- @BeforeMethod loginToApplication -->
  <testcase classname="testPacage.LoginPageVerification" name="@AfterMethod logOut" time="-1.637061388539E9">
    <skipped/>
  </testcase> <!-- @AfterMethod logOut -->
  <testcase classname="testPacage.LoginPageVerification" name="@AfterClass clearPomObjects" time="-1.637061388543E9">
    <skipped/>
  </testcase> <!-- @AfterClass clearPomObjects -->
  <testcase classname="testPacage.LoginPageVerification" name="@AfterTest closedBrowser" time="-1.637061388547E9">
    <skipped/>
  </testcase> <!-- @AfterTest closedBrowser -->
  <testcase classname="testPacage.LoginPageVerification" name="toVerifyFriendsLink" time="0.0">
    <skipped/>
  </testcase> <!-- toVerifyFriendsLink -->
  <testcase classname="testPacage.LoginPageVerification" name="toVerifyNotificationLink" time="0.0">
    <skipped/>
  </testcase> <!-- toVerifyNotificationLink -->
</testsuite> <!-- Test firefox -->
